Base path: /Applications/Unity/Unity.app/Contents
Pipe name: \\.\pipe\UnityShaderCompiler-64bit-1--523164736
Cmd: getPlatforms
Cmd: preprocess
  insize=3521 outsize=640 ok=1
Cmd: compileSnippet
  api=0 type=0 insize=3155 outsize=741 kw= pd= ok=1
Cmd: compileSnippet
  api=0 type=1 insize=3155 outsize=6 kw= pd= ok=1
Cmd: compileSnippet
  api=0 type=0 insize=3153 outsize=672 kw= pd= ok=1
Cmd: compileSnippet
  api=0 type=1 insize=3153 outsize=6 kw= pd= ok=1
Cmd: compileSnippet
  api=0 type=0 insize=3160 outsize=1999 kw= pd= ok=1
Cmd: compileSnippet
  api=0 type=1 insize=3160 outsize=6 kw= pd= ok=1
Cmd: preprocess
  insize=1909 outsize=438 ok=1
Cmd: compileSnippet
  api=0 type=0 insize=1746 outsize=1032 kw= pd= ok=1
Cmd: compileSnippet
  api=0 type=1 insize=1746 outsize=6 kw= pd= ok=1
Cmd: compileSnippet
  api=0 type=0 insize=1759 outsize=1157 kw= pd= ok=1
Cmd: compileSnippet
  api=0 type=1 insize=1759 outsize=6 kw= pd= ok=1
Cmd: preprocess
  insize=4770 outsize=1779 ok=1
Cmd: compileSnippet
  api=0 type=0 insize=3198 outsize=624 kw= pd= ok=1
Cmd: compileSnippet
  api=0 type=1 insize=3198 outsize=6 kw= pd= ok=1
Cmd: compileSnippet
  api=0 type=0 insize=3195 outsize=592 kw= pd= ok=1
Cmd: compileSnippet
  api=0 type=1 insize=3195 outsize=6 kw= pd= ok=1
Cmd: compileSnippet
  api=0 type=0 insize=3211 outsize=1166 kw= pd= ok=1
Cmd: compileSnippet
  api=0 type=1 insize=3211 outsize=6 kw= pd= ok=1
Cmd: compileSnippet
  api=0 type=0 insize=3203 outsize=519 kw= pd= ok=1
Cmd: compileSnippet
  api=0 type=1 insize=3203 outsize=6 kw= pd= ok=1
Cmd: compileSnippet
  api=0 type=0 insize=3203 outsize=624 kw= pd= ok=1
Cmd: compileSnippet
  api=0 type=1 insize=3203 outsize=6 kw= pd= ok=1
Cmd: compileSnippet
  api=0 type=0 insize=3200 outsize=592 kw= pd= ok=1
Cmd: compileSnippet
  api=0 type=1 insize=3200 outsize=6 kw= pd= ok=1
Cmd: compileSnippet
  api=0 type=0 insize=3212 outsize=1217 kw= pd= ok=1
Cmd: compileSnippet
  api=0 type=1 insize=3212 outsize=6 kw= pd= ok=1
Cmd: compileSnippet
  api=0 type=0 insize=3205 outsize=533 kw= pd= ok=1
Cmd: compileSnippet
  api=0 type=1 insize=3205 outsize=6 kw= pd= ok=1
Cmd: compileSnippet
  api=0 type=0 insize=3197 outsize=376 kw= pd= ok=1
Cmd: compileSnippet
  api=0 type=1 insize=3197 outsize=6 kw= pd= ok=1
Cmd: compileSnippet
  api=0 type=0 insize=3201 outsize=484 kw= pd= ok=1
Cmd: compileSnippet
  api=0 type=1 insize=3201 outsize=6 kw= pd= ok=1
Cmd: compileSnippet
  api=0 type=0 insize=3196 outsize=443 kw= pd= ok=1
Cmd: compileSnippet
  api=0 type=1 insize=3196 outsize=6 kw= pd= ok=1
Cmd: preprocess
  insize=12804 outsize=3942 ok=1
Cmd: compileSnippet
  error: 2 plat 0 at (72): 'unity_WorldToObject' : undeclared identifier\nCompiling Vertex program with DIRECTIONAL SHADOWS_OFF LIGHTMAP_OFF DIRLIGHTMAP_OFF DYNAMICLIGHTMAP_OFF
  error: 2 plat 0 at (73): 'unity_ObjectToWorld' : undeclared identifier\nCompiling Vertex program with DIRECTIONAL SHADOWS_OFF LIGHTMAP_OFF DIRLIGHTMAP_OFF DYNAMICLIGHTMAP_OFF
  api=0 type=0 insize=4889 outsize=0 kw=DIRECTIONAL SHADOWS_OFF LIGHTMAP_OFF DIRLIGHTMAP_OFF DYNAMICLIGHTMAP_OFF pd= ok=0
Cmd: preprocess
  insize=12279 outsize=3871 ok=1
Cmd: compileSnippet
  error: 2 plat 0 at (71): 'unity_WorldToObject' : undeclared identifier\nCompiling Vertex program with DIRECTIONAL SHADOWS_OFF LIGHTMAP_OFF DIRLIGHTMAP_OFF DYNAMICLIGHTMAP_OFF
  error: 2 plat 0 at (72): 'unity_ObjectToWorld' : undeclared identifier\nCompiling Vertex program with DIRECTIONAL SHADOWS_OFF LIGHTMAP_OFF DIRLIGHTMAP_OFF DYNAMICLIGHTMAP_OFF
  api=0 type=0 insize=4662 outsize=0 kw=DIRECTIONAL SHADOWS_OFF LIGHTMAP_OFF DIRLIGHTMAP_OFF DYNAMICLIGHTMAP_OFF pd= ok=0
Cmd: preprocess
  insize=883 outsize=277 ok=1
Cmd: compileSnippet
  api=0 type=0 insize=911 outsize=504 kw= pd= ok=1
Cmd: compileSnippet
  api=0 type=1 insize=911 outsize=6 kw= pd= ok=1
Cmd: preprocess
  insize=8609 outsize=4443 ok=1
Cmd: compileSnippet
  error: 2 plat 0 at (78): 'unity_WorldToObject' : undeclared identifier\nCompiling Vertex program
  error: 2 plat 0 at (79): 'unity_ObjectToWorld' : undeclared identifier\nCompiling Vertex program
  api=0 type=0 insize=4467 outsize=0 kw= pd= ok=0
Cmd: preprocess
  insize=16259 outsize=5185 ok=1
Cmd: compileSnippet
  error: 2 plat 0 at (91): 'unity_WorldToObject' : undeclared identifier\nCompiling Vertex program with DIRECTIONAL SHADOWS_OFF LIGHTMAP_OFF DIRLIGHTMAP_OFF DYNAMICLIGHTMAP_OFF
  error: 2 plat 0 at (92): 'unity_ObjectToWorld' : undeclared identifier\nCompiling Vertex program with DIRECTIONAL SHADOWS_OFF LIGHTMAP_OFF DIRLIGHTMAP_OFF DYNAMICLIGHTMAP_OFF
  api=0 type=0 insize=7124 outsize=0 kw=DIRECTIONAL SHADOWS_OFF LIGHTMAP_OFF DIRLIGHTMAP_OFF DYNAMICLIGHTMAP_OFF pd= ok=0
Cmd: preprocess
  insize=8483 outsize=1276 ok=1
Cmd: compileSnippet
  error: 2 plat 0 at (80): 'unity_WorldToObject' : undeclared identifier\nCompiling Vertex program
  error: 2 plat 0 at (81): 'unity_ObjectToWorld' : undeclared identifier\nCompiling Vertex program
  api=0 type=0 insize=4426 outsize=0 kw= pd= ok=0
Cmd: preprocess
  insize=844 outsize=330 ok=1
Cmd: compileSnippet
  api=0 type=0 insize=819 outsize=745 kw= pd= ok=1
Cmd: compileSnippet
  api=0 type=1 insize=819 outsize=6 kw= pd= ok=1
Cmd: preprocess
  insize=15923 outsize=4616 ok=1
Cmd: compileSnippet
  error: 2 plat 0 at (87): 'unity_WorldToObject' : undeclared identifier\nCompiling Vertex program with DIRECTIONAL SHADOWS_OFF LIGHTMAP_OFF DIRLIGHTMAP_OFF DYNAMICLIGHTMAP_OFF
  error: 2 plat 0 at (88): 'unity_ObjectToWorld' : undeclared identifier\nCompiling Vertex program with DIRECTIONAL SHADOWS_OFF LIGHTMAP_OFF DIRLIGHTMAP_OFF DYNAMICLIGHTMAP_OFF
  api=0 type=0 insize=7095 outsize=0 kw=DIRECTIONAL SHADOWS_OFF LIGHTMAP_OFF DIRLIGHTMAP_OFF DYNAMICLIGHTMAP_OFF pd= ok=0
Cmd: preprocess
  insize=39592 outsize=11044 ok=1
Cmd: preprocess
  insize=512 outsize=241 ok=1
Cmd: compileSnippet
  api=0 type=0 insize=573 outsize=208 kw= pd= ok=1
Cmd: compileSnippet
  api=0 type=1 insize=573 outsize=6 kw= pd= ok=1
Cmd: preprocess
  insize=21040 outsize=8695 ok=1
Cmd: compileSnippet
  error: 2 plat 0 at (114): 'unity_WorldToObject' : undeclared identifier\nCompiling Vertex program with DIRECTIONAL SHADOWS_OFF LIGHTMAP_OFF DIRLIGHTMAP_OFF DYNAMICLIGHTMAP_OFF
  error: 2 plat 0 at (115): 'unity_ObjectToWorld' : undeclared identifier\nCompiling Vertex program with DIRECTIONAL SHADOWS_OFF LIGHTMAP_OFF DIRLIGHTMAP_OFF DYNAMICLIGHTMAP_OFF
  api=0 type=0 insize=6928 outsize=0 kw=DIRECTIONAL SHADOWS_OFF LIGHTMAP_OFF DIRLIGHTMAP_OFF DYNAMICLIGHTMAP_OFF pd= ok=0
Cmd: preprocess
  insize=6511 outsize=781 ok=1
Cmd: compileSnippet
  api=0 type=0 insize=1952 outsize=3099 kw= pd= ok=1
Cmd: compileSnippet
  api=0 type=1 insize=1952 outsize=6 kw= pd= ok=1
Cmd: compileSnippet
  api=0 type=0 insize=2216 outsize=3684 kw= pd= ok=1
Cmd: compileSnippet
  api=0 type=1 insize=2216 outsize=6 kw= pd= ok=1
Cmd: compileSnippet
  api=0 type=0 insize=2722 outsize=4836 kw= pd= ok=1
Cmd: compileSnippet
  api=0 type=1 insize=2722 outsize=6 kw= pd= ok=1
Cmd: compileSnippet
  api=0 type=0 insize=2998 outsize=5399 kw= pd= ok=1
Cmd: compileSnippet
  api=0 type=1 insize=2998 outsize=6 kw= pd= ok=1
Cmd: compileSnippet
  api=0 type=0 insize=1938 outsize=1007 kw= pd= ok=1
Cmd: compileSnippet
  api=0 type=1 insize=1938 outsize=6 kw= pd= ok=1
Cmd: preprocess
  insize=1188 outsize=255 ok=1
Cmd: compileSnippet
  api=0 type=0 insize=1238 outsize=1194 kw= pd= ok=1
Cmd: compileSnippet
  api=0 type=1 insize=1238 outsize=6 kw= pd= ok=1
Cmd: preprocess
  insize=4268 outsize=418 ok=1
Cmd: compileSnippet
  api=0 type=0 insize=4125 outsize=4682 kw= pd= ok=1
Cmd: compileSnippet
  api=0 type=1 insize=4125 outsize=6 kw= pd= ok=1
Cmd: compileSnippet
  api=0 type=0 insize=4130 outsize=4113 kw= pd= ok=1
Cmd: compileSnippet
  api=0 type=1 insize=4130 outsize=6 kw= pd= ok=1
Cmd: preprocess
  insize=6131 outsize=973 ok=1
Cmd: compileSnippet
  api=0 type=0 insize=5399 outsize=407 kw= pd= ok=1
Cmd: compileSnippet
  api=0 type=1 insize=5399 outsize=6 kw= pd= ok=1
Cmd: compileSnippet
  api=0 type=0 insize=5406 outsize=1135 kw= pd= ok=1
Cmd: compileSnippet
  api=0 type=1 insize=5406 outsize=6 kw= pd= ok=1
Cmd: compileSnippet
  api=0 type=0 insize=5410 outsize=1595 kw= pd= ok=1
Cmd: compileSnippet
  api=0 type=1 insize=5410 outsize=6 kw= pd= ok=1
Cmd: compileSnippet
  api=0 type=0 insize=5411 outsize=1595 kw= pd= ok=1
Cmd: compileSnippet
  api=0 type=1 insize=5411 outsize=6 kw= pd= ok=1
Cmd: compileSnippet
  api=0 type=0 insize=5415 outsize=1713 kw= pd= ok=1
Cmd: compileSnippet
  api=0 type=1 insize=5415 outsize=6 kw= pd= ok=1
Cmd: compileSnippet
  api=0 type=0 insize=5416 outsize=1635 kw= pd= ok=1
Cmd: compileSnippet
  api=0 type=1 insize=5416 outsize=6 kw= pd= ok=1
Cmd: preprocess
  insize=19873 outsize=7117 ok=1
Cmd: compileSnippet
  error: 2 plat 0 at (96): 'unity_WorldToObject' : undeclared identifier\nCompiling Vertex program with DIRECTIONAL SHADOWS_OFF LIGHTMAP_OFF DIRLIGHTMAP_OFF DYNAMICLIGHTMAP_OFF
  error: 2 plat 0 at (97): 'unity_ObjectToWorld' : undeclared identifier\nCompiling Vertex program with DIRECTIONAL SHADOWS_OFF LIGHTMAP_OFF DIRLIGHTMAP_OFF DYNAMICLIGHTMAP_OFF
  api=0 type=0 insize=5742 outsize=0 kw=DIRECTIONAL SHADOWS_OFF LIGHTMAP_OFF DIRLIGHTMAP_OFF DYNAMICLIGHTMAP_OFF pd= ok=0
Cmd: preprocess
  insize=4140 outsize=824 ok=1
Cmd: compileSnippet
  error: 2 plat 0 at (71): 'unity_WorldToObject' : undeclared identifier\nCompiling Vertex program
  error: 2 plat 0 at (72): 'unity_ObjectToWorld' : undeclared identifier\nCompiling Vertex program
  api=0 type=0 insize=3617 outsize=0 kw= pd= ok=0
Cmd: preprocess
  insize=7358 outsize=1024 ok=1
Cmd: compileSnippet
  error: 2 plat 0 at (64): 'unity_WorldToObject' : undeclared identifier\nCompiling Vertex program
  error: 2 plat 0 at (65): 'unity_ObjectToWorld' : undeclared identifier\nCompiling Vertex program
  api=0 type=0 insize=3553 outsize=0 kw= pd= ok=0
Cmd: preprocess
  insize=2007 outsize=564 ok=1
Cmd: compileSnippet
  error: 2 plat 0 at (51): 'unity_WorldToObject' : undeclared identifier\nCompiling Vertex program
  error: 2 plat 0 at (52): 'unity_ObjectToWorld' : undeclared identifier\nCompiling Vertex program
  api=0 type=0 insize=1742 outsize=0 kw= pd= ok=0
Cmd: preprocess
  insize=4411 outsize=830 ok=1
Cmd: compileSnippet
  error: 2 plat 0 at (55): 'unity_ObjectToWorld' : undeclared identifier\nCompiling Vertex program
  error: 2 plat 0 at (56): 'unity_WorldToObject' : undeclared identifier\nCompiling Vertex program
  api=0 type=0 insize=2105 outsize=0 kw= pd= ok=0
Cmd: preprocess
  insize=2413 outsize=753 ok=1
Cmd: compileSnippet
  api=0 type=0 insize=1931 outsize=642 kw= pd= ok=1
Cmd: compileSnippet
  api=0 type=1 insize=1931 outsize=6 kw= pd= ok=1
Cmd: compileSnippet
  api=0 type=0 insize=1928 outsize=592 kw= pd= ok=1
Cmd: compileSnippet
  api=0 type=1 insize=1928 outsize=6 kw= pd= ok=1
Cmd: compileSnippet
  api=0 type=0 insize=1941 outsize=1119 kw= pd= ok=1
Cmd: compileSnippet
  api=0 type=1 insize=1941 outsize=6 kw= pd= ok=1
Cmd: compileSnippet
  api=0 type=0 insize=1940 outsize=519 kw= pd= ok=1
Cmd: compileSnippet
  api=0 type=1 insize=1940 outsize=6 kw= pd= ok=1
Cmd: preprocess
  error: 2 plat 1 at (51): undefined variable "unity_ObjectToWorld" unable to find compatible overloaded function "mul(error, float4)"
  error: 1 plat 1 at (62): implicit cast from "float3" to "float"
  error: 1 plat 1 at (64): implicit cast from "float3" to "float"
  error: 1 plat 1 at (65): implicit cast from "float3" to "float"
  insize=2238 outsize=2803 ok=0
Cmd: preprocess
  insize=5074 outsize=827 ok=1
Cmd: compileSnippet
  error: 2 plat 0 at (55): 'unity_ObjectToWorld' : undeclared identifier\nCompiling Vertex program
  error: 2 plat 0 at (56): 'unity_WorldToObject' : undeclared identifier\nCompiling Vertex program
  api=0 type=0 insize=2426 outsize=0 kw= pd= ok=0
Cmd: preprocess
  insize=24648 outsize=9612 ok=1
Cmd: compileSnippet
  error: 2 plat 0 at (118): 'unity_WorldToObject' : undeclared identifier\nCompiling Vertex program with DIRECTIONAL SHADOWS_OFF LIGHTMAP_OFF DIRLIGHTMAP_OFF DYNAMICLIGHTMAP_OFF
  error: 2 plat 0 at (119): 'unity_ObjectToWorld' : undeclared identifier\nCompiling Vertex program with DIRECTIONAL SHADOWS_OFF LIGHTMAP_OFF DIRLIGHTMAP_OFF DYNAMICLIGHTMAP_OFF
  api=0 type=0 insize=7092 outsize=0 kw=DIRECTIONAL SHADOWS_OFF LIGHTMAP_OFF DIRLIGHTMAP_OFF DYNAMICLIGHTMAP_OFF pd= ok=0
Cmd: preprocess
  insize=1139 outsize=364 ok=1
Cmd: compileSnippet
  api=0 type=0 insize=1080 outsize=1126 kw= pd= ok=1
Cmd: compileSnippet
  api=0 type=1 insize=1080 outsize=6 kw= pd= ok=1
Cmd: preprocess
  insize=5175 outsize=1721 ok=1
Cmd: compileSnippet
  api=0 type=0 insize=3758 outsize=4926 kw= pd= ok=1
Cmd: compileSnippet
  api=0 type=1 insize=3758 outsize=6 kw= pd= ok=1
Cmd: preprocess
  error: 1 plat 1 at (59): implicit cast from "half4" to "half"
  error: 2 plat 1 at (65): undefined variable "unity_ObjectToWorld" unable to find compatible overloaded function "mul(error, float4)"
  error: 1 plat 1 at (76): implicit cast from "float3" to "float"
  error: 1 plat 1 at (78): implicit cast from "float3" to "float"
  error: 1 plat 1 at (79): implicit cast from "float3" to "float"
  insize=3061 outsize=3626 ok=0
Cmd: preprocess
  insize=6737 outsize=236 ok=1
Cmd: compileSnippet
  api=0 type=0 insize=6803 outsize=3141 kw= pd= ok=1
Cmd: compileSnippet
  api=0 type=1 insize=6803 outsize=6 kw= pd= ok=1
Cmd: preprocess
  insize=5369 outsize=870 ok=1
Cmd: compileSnippet
  error: 2 plat 0 at (62): 'unity_ObjectToWorld' : undeclared identifier\nCompiling Vertex program
  error: 2 plat 0 at (63): 'unity_WorldToObject' : undeclared identifier\nCompiling Vertex program
  api=0 type=0 insize=2679 outsize=0 kw= pd= ok=0
Cmd: preprocess
  insize=1217 outsize=387 ok=1
Cmd: compileSnippet
  api=0 type=0 insize=1135 outsize=819 kw= pd= ok=1
Cmd: compileSnippet
  api=0 type=1 insize=1135 outsize=6 kw= pd= ok=1
Cmd: preprocess
  insize=650 outsize=290 ok=1
Cmd: compileSnippet
  api=0 type=0 insize=665 outsize=384 kw= pd= ok=1
Cmd: compileSnippet
  api=0 type=1 insize=665 outsize=6 kw= pd= ok=1
Cmd: preprocess
  insize=773 outsize=287 ok=1
Cmd: compileSnippet
  api=0 type=0 insize=785 outsize=211 kw= pd= ok=1
Cmd: compileSnippet
  api=0 type=1 insize=785 outsize=6 kw= pd= ok=1
Cmd: preprocess
  insize=5171 outsize=737 ok=1
Cmd: compileSnippet
  api=0 type=0 insize=4605 outsize=633 kw= pd= ok=1
Cmd: compileSnippet
  api=0 type=1 insize=4605 outsize=6 kw= pd= ok=1
Cmd: compileSnippet
  api=0 type=0 insize=4609 outsize=1613 kw= pd= ok=1
Cmd: compileSnippet
  api=0 type=1 insize=4609 outsize=6 kw= pd= ok=1
Cmd: compileSnippet
  api=0 type=0 insize=4619 outsize=2285 kw= pd= ok=1
Cmd: compileSnippet
  api=0 type=1 insize=4619 outsize=6 kw= pd= ok=1
Cmd: compileSnippet
  api=0 type=0 insize=4614 outsize=2011 kw= pd= ok=1
Cmd: compileSnippet
  api=0 type=1 insize=4614 outsize=6 kw= pd= ok=1
Cmd: compileSnippet
  api=0 type=0 insize=4620 outsize=1547 kw= pd= ok=1
Cmd: compileSnippet
  api=0 type=1 insize=4620 outsize=6 kw= pd= ok=1
Cmd: preprocess
  insize=2677 outsize=761 ok=1
Cmd: compileSnippet
  api=0 type=0 insize=2189 outsize=711 kw= pd= ok=1
Cmd: compileSnippet
  api=0 type=1 insize=2189 outsize=6 kw= pd= ok=1
Cmd: compileSnippet
  api=0 type=0 insize=2189 outsize=743 kw= pd= ok=1
Cmd: compileSnippet
  api=0 type=1 insize=2189 outsize=6 kw= pd= ok=1
Cmd: compileSnippet
  api=0 type=0 insize=2193 outsize=711 kw= pd= ok=1
Cmd: compileSnippet
  api=0 type=1 insize=2193 outsize=6 kw= pd= ok=1
Cmd: compileSnippet
  api=0 type=0 insize=2192 outsize=1207 kw= pd= ok=1
Cmd: compileSnippet
  api=0 type=1 insize=2192 outsize=6 kw= pd= ok=1
Cmd: compileSnippet
  api=0 type=0 insize=2195 outsize=728 kw= pd= ok=1
Cmd: compileSnippet
  api=0 type=1 insize=2195 outsize=6 kw= pd= ok=1
Cmd: preprocess
  insize=2469 outsize=662 ok=1
Cmd: compileSnippet
  error: 2 plat 0 at (55): 'unity_ObjectToWorld' : undeclared identifier\nCompiling Vertex program
  error: 2 plat 0 at (56): 'unity_WorldToObject' : undeclared identifier\nCompiling Vertex program
  api=0 type=0 insize=2105 outsize=0 kw= pd= ok=0
Cmd: preprocess
  insize=10773 outsize=2532 ok=1
Cmd: compileSnippet
  api=0 type=0 insize=8468 outsize=3202 kw= pd= ok=1
Cmd: compileSnippet
  api=0 type=1 insize=8468 outsize=6 kw= pd= ok=1
Cmd: compileSnippet
  api=0 type=0 insize=8473 outsize=1933 kw= pd= ok=1
Cmd: compileSnippet
  api=0 type=1 insize=8473 outsize=6 kw= pd= ok=1
Cmd: compileSnippet
  api=0 type=0 insize=8472 outsize=536 kw= pd= ok=1
Cmd: compileSnippet
  api=0 type=1 insize=8472 outsize=6 kw= pd= ok=1
Cmd: compileSnippet
  api=0 type=0 insize=8476 outsize=1101 kw= pd= ok=1
Cmd: compileSnippet
  api=0 type=1 insize=8476 outsize=6 kw= pd= ok=1
Cmd: compileSnippet
  api=0 type=0 insize=8475 outsize=1194 kw= pd= ok=1
Cmd: compileSnippet
  api=0 type=1 insize=8475 outsize=6 kw= pd= ok=1
Cmd: preprocess
  insize=7821 outsize=1642 ok=1
Cmd: compileSnippet
  error: 2 plat 0 at (105): 'unity_WorldToObject' : undeclared identifier\nCompiling Vertex program
  error: 2 plat 0 at (106): 'unity_ObjectToWorld' : undeclared identifier\nCompiling Vertex program
  api=0 type=0 insize=6483 outsize=0 kw= pd= ok=0
Cmd: preprocess
  insize=1063 outsize=406 ok=1
Cmd: compileSnippet
  api=0 type=0 insize=955 outsize=527 kw= pd= ok=1
Cmd: compileSnippet
  api=0 type=1 insize=955 outsize=6 kw= pd= ok=1
Cmd: compileSnippet
  api=0 type=0 insize=954 outsize=527 kw= pd= ok=1
Cmd: compileSnippet
  api=0 type=1 insize=954 outsize=6 kw= pd= ok=1
Cmd: preprocess
  insize=716 outsize=286 ok=1
Cmd: compileSnippet
  api=0 type=0 insize=732 outsize=348 kw= pd= ok=1
Cmd: compileSnippet
  api=0 type=1 insize=732 outsize=6 kw= pd= ok=1
Cmd: preprocess
  insize=1097 outsize=289 ok=1
Cmd: compileSnippet
  api=0 type=0 insize=1113 outsize=1087 kw= pd= ok=1
Cmd: compileSnippet
  api=0 type=1 insize=1113 outsize=6 kw= pd= ok=1
Cmd: preprocess
  insize=5006 outsize=866 ok=1
Cmd: compileSnippet
  api=0 type=0 insize=4390 outsize=1036 kw= pd= ok=1
Cmd: compileSnippet
  api=0 type=1 insize=4390 outsize=6 kw= pd= ok=1
Cmd: compileSnippet
  api=0 type=0 insize=4394 outsize=1595 kw= pd= ok=1
Cmd: compileSnippet
  api=0 type=1 insize=4394 outsize=6 kw= pd= ok=1
Cmd: compileSnippet
  api=0 type=0 insize=4395 outsize=1595 kw= pd= ok=1
Cmd: compileSnippet
  api=0 type=1 insize=4395 outsize=6 kw= pd= ok=1
Cmd: compileSnippet
  api=0 type=0 insize=4399 outsize=1713 kw= pd= ok=1
Cmd: compileSnippet
  api=0 type=1 insize=4399 outsize=6 kw= pd= ok=1
Cmd: compileSnippet
  api=0 type=0 insize=4400 outsize=1635 kw= pd= ok=1
Cmd: compileSnippet
  api=0 type=1 insize=4400 outsize=6 kw= pd= ok=1
Cmd: preprocess
  insize=1530 outsize=277 ok=1
Cmd: compileSnippet
  api=0 type=0 insize=1558 outsize=1545 kw= pd= ok=1
Cmd: compileSnippet
  api=0 type=1 insize=1558 outsize=6 kw= pd= ok=1
Cmd: preprocess
  insize=928 outsize=289 ok=1
Cmd: compileSnippet
  api=0 type=0 insize=944 outsize=634 kw= pd= ok=1
Cmd: compileSnippet
  api=0 type=1 insize=944 outsize=6 kw= pd= ok=1
Cmd: preprocess
  insize=4125 outsize=820 ok=1
Cmd: compileSnippet
  error: 2 plat 0 at (71): 'unity_WorldToObject' : undeclared identifier\nCompiling Vertex program
  error: 2 plat 0 at (72): 'unity_ObjectToWorld' : undeclared identifier\nCompiling Vertex program
  api=0 type=0 insize=3606 outsize=0 kw= pd= ok=0
Cmd: preprocess
  insize=7788 outsize=1313 ok=1
Cmd: compileSnippet
  error: 2 plat 0 at (91): 'unity_WorldToObject' : undeclared identifier\nCompiling Vertex program
  error: 2 plat 0 at (92): 'unity_ObjectToWorld' : undeclared identifier\nCompiling Vertex program
  api=0 type=0 insize=6779 outsize=0 kw= pd= ok=0
Cmd: preprocess
  insize=4608 outsize=887 ok=1
Cmd: compileSnippet
  api=0 type=0 insize=3943 outsize=507 kw= pd= ok=1
Cmd: compileSnippet
  api=0 type=1 insize=3943 outsize=6 kw= pd= ok=1
Cmd: compileSnippet
  api=0 type=0 insize=3951 outsize=1126 kw= pd= ok=1
Cmd: compileSnippet
  api=0 type=1 insize=3951 outsize=6 kw= pd= ok=1
Cmd: compileSnippet
  api=0 type=0 insize=3943 outsize=1042 kw= pd= ok=1
Cmd: compileSnippet
  api=0 type=1 insize=3943 outsize=6 kw= pd= ok=1
Cmd: compileSnippet
  api=0 type=0 insize=3945 outsize=1167 kw= pd= ok=1
Cmd: compileSnippet
  api=0 type=1 insize=3945 outsize=6 kw= pd= ok=1
Cmd: compileSnippet
  api=0 type=0 insize=3940 outsize=475 kw= pd= ok=1
Cmd: compileSnippet
  api=0 type=1 insize=3940 outsize=6 kw= pd= ok=1
Cmd: preprocess
  insize=40950 outsize=11210 ok=1
Cmd: preprocess
  insize=32583 outsize=255 ok=1
Cmd: compileSnippet
  api=0 type=0 insize=32630 outsize=8838 kw= pd= ok=1
Cmd: compileSnippet
  api=0 type=1 insize=32630 outsize=6 kw= pd= ok=1
Cmd: preprocess
  insize=4426 outsize=929 ok=1
Cmd: compileSnippet
  error: 2 plat 0 at (76): 'unity_WorldToObject' : undeclared identifier\nCompiling Vertex program
  error: 2 plat 0 at (77): 'unity_ObjectToWorld' : undeclared identifier\nCompiling Vertex program
  api=0 type=0 insize=3797 outsize=0 kw= pd= ok=0
Cmd: preprocess
  insize=18813 outsize=6317 ok=1
Cmd: compileSnippet
  error: 2 plat 0 at (105): 'unity_WorldToObject' : undeclared identifier\nCompiling Vertex program with DIRECTIONAL SHADOWS_OFF LIGHTMAP_OFF DIRLIGHTMAP_OFF DYNAMICLIGHTMAP_OFF
  error: 2 plat 0 at (106): 'unity_ObjectToWorld' : undeclared identifier\nCompiling Vertex program with DIRECTIONAL SHADOWS_OFF LIGHTMAP_OFF DIRLIGHTMAP_OFF DYNAMICLIGHTMAP_OFF
  api=0 type=0 insize=7677 outsize=0 kw=DIRECTIONAL SHADOWS_OFF LIGHTMAP_OFF DIRLIGHTMAP_OFF DYNAMICLIGHTMAP_OFF pd= ok=0
Cmd: preprocess
  insize=963 outsize=333 ok=1
Cmd: compileSnippet
  api=0 type=0 insize=935 outsize=664 kw= pd= ok=1
Cmd: compileSnippet
  api=0 type=1 insize=935 outsize=6 kw= pd= ok=1
Cmd: preprocess
  insize=1435 outsize=395 ok=1
Cmd: compileSnippet
  error: 2 plat 0 at (45): 'unity_WorldToObject' : undeclared identifier\nCompiling Vertex program
  api=0 type=0 insize=1339 outsize=0 kw= pd= ok=0
Cmd: preprocess
  insize=1265 outsize=272 ok=1
Cmd: compileSnippet
  api=0 type=0 insize=1298 outsize=1270 kw= pd= ok=1
Cmd: compileSnippet
  api=0 type=1 insize=1298 outsize=6 kw= pd= ok=1
Cmd: preprocess
  insize=7775 outsize=1311 ok=1
Cmd: compileSnippet
  error: 2 plat 0 at (91): 'unity_WorldToObject' : undeclared identifier\nCompiling Vertex program
  error: 2 plat 0 at (92): 'unity_ObjectToWorld' : undeclared identifier\nCompiling Vertex program
  api=0 type=0 insize=6767 outsize=0 kw= pd= ok=0
Cmd: preprocess
  insize=1675 outsize=280 ok=1
Cmd: compileSnippet
  api=0 type=0 insize=1697 outsize=2683 kw= pd= ok=1
Cmd: compileSnippet
  api=0 type=1 insize=1697 outsize=6 kw= pd= ok=1
Cmd: preprocess
  insize=20538 outsize=8647 ok=1
Cmd: compileSnippet
  error: 2 plat 0 at (113): 'unity_WorldToObject' : undeclared identifier\nCompiling Vertex program with DIRECTIONAL SHADOWS_OFF LIGHTMAP_OFF DIRLIGHTMAP_OFF DYNAMICLIGHTMAP_OFF
  error: 2 plat 0 at (114): 'unity_ObjectToWorld' : undeclared identifier\nCompiling Vertex program with DIRECTIONAL SHADOWS_OFF LIGHTMAP_OFF DIRLIGHTMAP_OFF DYNAMICLIGHTMAP_OFF
  api=0 type=0 insize=6701 outsize=0 kw=DIRECTIONAL SHADOWS_OFF LIGHTMAP_OFF DIRLIGHTMAP_OFF DYNAMICLIGHTMAP_OFF pd= ok=0
Cmd: preprocess
  insize=1313 outsize=324 ok=1
Cmd: compileSnippet
  api=0 type=0 insize=1288 outsize=530 kw= pd= ok=1
Cmd: compileSnippet
  api=0 type=1 insize=1288 outsize=6 kw= pd= ok=1
Cmd: preprocess
  insize=40037 outsize=11035 ok=1
Cmd: preprocess
  insize=10964 outsize=662 ok=1
Cmd: compileSnippet
  api=0 type=0 insize=10530 outsize=892 kw= pd= ok=1
Cmd: compileSnippet
  api=0 type=1 insize=10530 outsize=6 kw= pd= ok=1
Cmd: compileSnippet
  api=0 type=0 insize=10552 outsize=6151 kw= pd= ok=1
Cmd: compileSnippet
  api=0 type=1 insize=10552 outsize=6 kw= pd= ok=1
Cmd: compileSnippet
  api=0 type=0 insize=10508 outsize=6145 kw= pd= ok=1
Cmd: compileSnippet
  api=0 type=1 insize=10508 outsize=6 kw= pd= ok=1
Cmd: preprocess
  insize=32573 outsize=255 ok=1
Cmd: compileSnippet
  api=0 type=0 insize=32620 outsize=8930 kw= pd= ok=1
Cmd: compileSnippet
  api=0 type=1 insize=32620 outsize=6 kw= pd= ok=1
Cmd: preprocess
  insize=1193 outsize=303 ok=1
Cmd: compileSnippet
  api=0 type=0 insize=1194 outsize=815 kw= pd= ok=1
Cmd: compileSnippet
  api=0 type=1 insize=1194 outsize=6 kw= pd= ok=1
Cmd: preprocess
  insize=9575 outsize=798 ok=1
Cmd: compileSnippet
  api=0 type=0 insize=8985 outsize=2193 kw= pd= ok=1
Cmd: compileSnippet
  api=0 type=1 insize=8985 outsize=6 kw= pd= ok=1
Cmd: compileSnippet
  api=0 type=0 insize=8989 outsize=2312 kw= pd= ok=1
Cmd: compileSnippet
  api=0 type=1 insize=8989 outsize=6 kw= pd= ok=1
Cmd: compileSnippet
  api=0 type=0 insize=9009 outsize=2714 kw= pd= ok=1
Cmd: compileSnippet
  api=0 type=1 insize=9009 outsize=6 kw= pd= ok=1
Cmd: compileSnippet
  api=0 type=0 insize=9004 outsize=4158 kw= pd= ok=1
Cmd: compileSnippet
  api=0 type=1 insize=9004 outsize=6 kw= pd= ok=1
Cmd: compileSnippet
  api=0 type=0 insize=9008 outsize=1420 kw= pd= ok=1
Cmd: compileSnippet
  api=0 type=1 insize=9008 outsize=6 kw= pd= ok=1
Cmd: preprocess
  insize=8333 outsize=2044 ok=1
Cmd: compileSnippet
  api=0 type=0 insize=6508 outsize=991 kw= pd= ok=1
Cmd: compileSnippet
  api=0 type=1 insize=6508 outsize=6 kw= pd= ok=1
Cmd: compileSnippet
  api=0 type=0 insize=6503 outsize=1788 kw= pd= ok=1
Cmd: compileSnippet
  api=0 type=1 insize=6503 outsize=6 kw= pd= ok=1
Cmd: compileSnippet
  api=0 type=0 insize=6503 outsize=967 kw= pd= ok=1
Cmd: compileSnippet
  api=0 type=1 insize=6503 outsize=6 kw= pd= ok=1
Cmd: compileSnippet
  api=0 type=0 insize=6503 outsize=967 kw= pd= ok=1
Cmd: compileSnippet
  api=0 type=1 insize=6503 outsize=6 kw= pd= ok=1
Cmd: compileSnippet
  api=0 type=0 insize=6505 outsize=1155 kw= pd= ok=1
Cmd: compileSnippet
  api=0 type=1 insize=6505 outsize=6 kw= pd= ok=1
Cmd: compileSnippet
  api=0 type=0 insize=6505 outsize=681 kw= pd= ok=1
Cmd: compileSnippet
  api=0 type=1 insize=6505 outsize=6 kw= pd= ok=1
Cmd: compileSnippet
  api=0 type=0 insize=6514 outsize=863 kw= pd= ok=1
Cmd: compileSnippet
  api=0 type=1 insize=6514 outsize=6 kw= pd= ok=1
Cmd: compileSnippet
  api=0 type=0 insize=6519 outsize=633 kw= pd= ok=1
Cmd: compileSnippet
  api=0 type=1 insize=6519 outsize=6 kw= pd= ok=1
Cmd: compileSnippet
  api=0 type=0 insize=6512 outsize=427 kw= pd= ok=1
Cmd: compileSnippet
  api=0 type=1 insize=6512 outsize=6 kw= pd= ok=1
Cmd: compileSnippet
  api=0 type=0 insize=6510 outsize=986 kw= pd= ok=1
Cmd: compileSnippet
  api=0 type=1 insize=6510 outsize=6 kw= pd= ok=1
Cmd: compileSnippet
  api=0 type=0 insize=6517 outsize=1044 kw= pd= ok=1
Cmd: compileSnippet
  api=0 type=1 insize=6517 outsize=6 kw= pd= ok=1
Cmd: preprocess
  insize=3696 outsize=630 ok=1
Cmd: compileSnippet
  api=0 type=0 insize=3278 outsize=510 kw= pd= ok=1
Cmd: compileSnippet
  api=0 type=1 insize=3278 outsize=6 kw= pd= ok=1
Cmd: compileSnippet
  api=0 type=0 insize=3285 outsize=1602 kw= pd= ok=1
Cmd: compileSnippet
  api=0 type=1 insize=3285 outsize=6 kw= pd= ok=1
Cmd: compileSnippet
  api=0 type=0 insize=3294 outsize=1905 kw= pd= ok=1
Cmd: compileSnippet
  api=0 type=1 insize=3294 outsize=6 kw= pd= ok=1
Cmd: compileSnippet
  api=0 type=0 insize=3289 outsize=2006 kw= pd= ok=1
Cmd: compileSnippet
  api=0 type=1 insize=3289 outsize=6 kw= pd= ok=1
Cmd: preprocess
  insize=965 outsize=333 ok=1
Cmd: compileSnippet
  api=0 type=0 insize=934 outsize=903 kw= pd= ok=1
Cmd: compileSnippet
  api=0 type=1 insize=934 outsize=6 kw= pd= ok=1
Cmd: preprocess
  insize=2082 outsize=569 ok=1
Cmd: compileSnippet
  error: 2 plat 0 at (52): 'unity_ObjectToWorld' : undeclared identifier\nCompiling Vertex program
  error: 2 plat 0 at (53): 'unity_WorldToObject' : undeclared identifier\nCompiling Vertex program
  api=0 type=0 insize=1812 outsize=0 kw= pd= ok=0
Cmd: compileSnippet
  api=0 type=0 insize=541 outsize=1893 kw=SHADOWS_DEPTH pd= ok=1
Cmd: compileSnippet
  api=0 type=1 insize=541 outsize=6 kw=SHADOWS_DEPTH pd= ok=1
Cmd: compileSnippet
  api=0 type=0 insize=7666 outsize=4347 kw=DIRECTIONAL SHADOWS_OFF LIGHTMAP_OFF DIRLIGHTMAP_OFF DYNAMICLIGHTMAP_OFF pd= ok=1
Cmd: compileSnippet
  api=0 type=1 insize=7666 outsize=6 kw=DIRECTIONAL SHADOWS_OFF LIGHTMAP_OFF DIRLIGHTMAP_OFF DYNAMICLIGHTMAP_OFF pd= ok=1
Cmd: compileSnippet
  api=0 type=0 insize=5061 outsize=3282 kw=DIRECTIONAL pd= ok=1
Cmd: compileSnippet
  api=0 type=1 insize=5061 outsize=6 kw=DIRECTIONAL pd= ok=1
Cmd: compileSnippet
  api=0 type=0 insize=8161 outsize=4857 kw=DIRECTIONAL SHADOWS_OFF LIGHTMAP_OFF DIRLIGHTMAP_OFF DYNAMICLIGHTMAP_OFF pd= ok=1
Cmd: compileSnippet
  api=0 type=1 insize=8161 outsize=6 kw=DIRECTIONAL SHADOWS_OFF LIGHTMAP_OFF DIRLIGHTMAP_OFF DYNAMICLIGHTMAP_OFF pd= ok=1
Cmd: compileSnippet
  api=0 type=0 insize=5352 outsize=3671 kw=DIRECTIONAL pd= ok=1
Cmd: compileSnippet
  api=0 type=1 insize=5352 outsize=6 kw=DIRECTIONAL pd= ok=1
Cmd: compileSnippet
  api=0 type=0 insize=751 outsize=1893 kw=SHADOWS_DEPTH pd= ok=1
Cmd: compileSnippet
  api=0 type=1 insize=751 outsize=6 kw=SHADOWS_DEPTH pd= ok=1
Cmd: compileSnippet
  api=0 type=0 insize=982 outsize=10119 kw=DIRECTIONAL SHADOWS_OFF LIGHTMAP_OFF DIRLIGHTMAP_OFF DYNAMICLIGHTMAP_OFF pd= ok=1
Cmd: compileSnippet
  api=0 type=1 insize=982 outsize=6 kw=DIRECTIONAL SHADOWS_OFF LIGHTMAP_OFF DIRLIGHTMAP_OFF DYNAMICLIGHTMAP_OFF pd= ok=1
Cmd: compileSnippet
  api=0 type=0 insize=938 outsize=5777 kw=DIRECTIONAL SHADOWS_OFF pd= ok=1
Cmd: compileSnippet
  api=0 type=1 insize=938 outsize=6 kw=DIRECTIONAL SHADOWS_OFF pd= ok=1
Cmd: compileSnippet
  api=0 type=0 insize=7301 outsize=2528 kw=DIRECTIONAL SHADOWS_OFF LIGHTMAP_OFF DIRLIGHTMAP_OFF DYNAMICLIGHTMAP_OFF pd= ok=1
Cmd: compileSnippet
  api=0 type=1 insize=7301 outsize=6 kw=DIRECTIONAL SHADOWS_OFF LIGHTMAP_OFF DIRLIGHTMAP_OFF DYNAMICLIGHTMAP_OFF pd= ok=1
Cmd: compileSnippet
  api=0 type=0 insize=3915 outsize=1489 kw=DIRECTIONAL pd= ok=1
Cmd: compileSnippet
  api=0 type=1 insize=3915 outsize=6 kw=DIRECTIONAL pd= ok=1
Cmd: compileSnippet
  api=0 type=0 insize=751 outsize=1893 kw=SHADOWS_DEPTH pd= ok=1
Cmd: compileSnippet
  api=0 type=1 insize=751 outsize=6 kw=SHADOWS_DEPTH pd= ok=1
Cmd: compileSnippet
  api=0 type=0 insize=977 outsize=12411 kw=DIRECTIONAL SHADOWS_OFF LIGHTMAP_OFF DIRLIGHTMAP_OFF DYNAMICLIGHTMAP_OFF _EMISSION _DETAIL_MULX2 _NORMALMAP pd= ok=1
Cmd: compileSnippet
  api=0 type=1 insize=977 outsize=6 kw=DIRECTIONAL SHADOWS_OFF LIGHTMAP_OFF DIRLIGHTMAP_OFF DYNAMICLIGHTMAP_OFF _EMISSION _DETAIL_MULX2 _NORMALMAP pd= ok=1
Cmd: compileSnippet
  api=0 type=0 insize=934 outsize=6796 kw=DIRECTIONAL SHADOWS_OFF _DETAIL_MULX2 _NORMALMAP pd= ok=1
Cmd: compileSnippet
  api=0 type=1 insize=934 outsize=6 kw=DIRECTIONAL SHADOWS_OFF _DETAIL_MULX2 _NORMALMAP pd= ok=1
Cmd: compileSnippet
  api=0 type=0 insize=977 outsize=12297 kw=DIRECTIONAL SHADOWS_OFF LIGHTMAP_OFF DIRLIGHTMAP_OFF DYNAMICLIGHTMAP_OFF _DETAIL_MULX2 _NORMALMAP pd= ok=1
Cmd: compileSnippet
  api=0 type=1 insize=977 outsize=6 kw=DIRECTIONAL SHADOWS_OFF LIGHTMAP_OFF DIRLIGHTMAP_OFF DYNAMICLIGHTMAP_OFF _DETAIL_MULX2 _NORMALMAP pd= ok=1
Cmd: compileSnippet
  api=0 type=0 insize=6924 outsize=2300 kw=DIRECTIONAL SHADOWS_OFF LIGHTMAP_OFF DIRLIGHTMAP_OFF DYNAMICLIGHTMAP_OFF pd= ok=1
Cmd: compileSnippet
  api=0 type=1 insize=6924 outsize=6 kw=DIRECTIONAL SHADOWS_OFF LIGHTMAP_OFF DIRLIGHTMAP_OFF DYNAMICLIGHTMAP_OFF pd= ok=1
Cmd: compileSnippet
  api=0 type=0 insize=3695 outsize=1489 kw=DIRECTIONAL pd= ok=1
Cmd: compileSnippet
  api=0 type=1 insize=3695 outsize=6 kw=DIRECTIONAL pd= ok=1
